# JRE version: OpenJDK Runtime Environment (17.0.6) (build 17.0.6+0-b2043.56-10027231)
# Java VM: OpenJDK 64-Bit Server VM (17.0.6+0-b2043.56-10027231, mixed mode, tiered, compressed oops, compressed class ptrs, g1 gc, windows-amd64)
GC Precious Log:
 CPUs: 4 total, 4 available
 Memory: 8077M
 Large Page Support: Disabled
 NUMA Support: Disabled
 Compressed Oops: Enabled (32-bit)
 Heap Region Size: 1M
 Heap Min Capacity: 8M
 Heap Initial Capacity: 128M
 Heap Max Capacity: 2G
 Pre-touch: Disabled
 Parallel Workers: 4
 Concurrent Workers: 1
 Concurrent Refinement Workers: 4
 Periodic GC: Disabled
Heap:
 garbage-first heap   total 449536K, used 327167K [0x0000000080000000, 0x0000000100000000)
  region size 1024K, 7 young (7168K), 7 survivors (7168K)
 Metaspace       used 122066K, committed 122944K, reserved 1163264K
  class space    used 16472K, committed 16896K, reserved 1048576K
GC Heap History (20 events):
Event: 42.680 GC heap after
{Heap after GC invocations=55 (full 0):
 garbage-first heap   total 335872K, used 142041K [0x0000000080000000, 0x0000000100000000)
  region size 1024K, 9 young (9216K), 9 survivors (9216K)
 Metaspace       used 116763K, committed 117568K, reserved 1155072K
  class space    used 15782K, committed 16192K, reserved 1048576K
}
Event: 43.973 GC heap before
{Heap before GC invocations=55 (full 0):
 garbage-first heap   total 335872K, used 292569K [0x0000000080000000, 0x0000000100000000)
  region size 1024K, 156 young (159744K), 9 survivors (9216K)
 Metaspace       used 116811K, committed 117632K, reserved 1155072K
  class space    used 15785K, committed 16192K, reserved 1048576K
}
Event: 43.991 GC heap after
{Heap after GC invocations=56 (full 0):
 garbage-first heap   total 335872K, used 142703K [0x0000000080000000, 0x0000000100000000)
  region size 1024K, 10 young (10240K), 10 survivors (10240K)
 Metaspace       used 116811K, committed 117632K, reserved 1155072K
  class space    used 15785K, committed 16192K, reserved 1048576K
}
Event: 46.091 GC heap before
{Heap before GC invocations=56 (full 0):
 garbage-first heap   total 335872K, used 296303K [0x0000000080000000, 0x0000000100000000)
  region size 1024K, 155 young (158720K), 10 survivors (10240K)
 Metaspace       used 117835K, committed 118592K, reserved 1155072K
  class space    used 15928K, committed 16320K, reserved 1048576K
}
Event: 46.108 GC heap after
{Heap after GC invocations=57 (full 0):
 garbage-first heap   total 335872K, used 145225K [0x0000000080000000, 0x0000000100000000)
  region size 1024K, 8 young (8192K), 8 survivors (8192K)
 Metaspace       used 117835K, committed 118592K, reserved 1155072K
  class space    used 15928K, committed 16320K, reserved 1048576K
}
Event: 47.127 GC heap before
{Heap before GC invocations=57 (full 0):
 garbage-first heap   total 335872K, used 196425K [0x0000000080000000, 0x0000000100000000)
  region size 1024K, 46 young (47104K), 8 survivors (8192K)
 Metaspace       used 120122K, committed 120896K, reserved 1155072K
  class space    used 16212K, committed 16576K, reserved 1048576K
}
Event: 47.149 GC heap after
{Heap after GC invocations=58 (full 0):
 garbage-first heap   total 335872K, used 167247K [0x0000000080000000, 0x0000000100000000)
  region size 1024K, 16 young (16384K), 16 survivors (16384K)
 Metaspace       used 120122K, committed 120896K, reserved 1155072K
  class space    used 16212K, committed 16576K, reserved 1048576K
}
Event: 48.393 GC heap before
{Heap before GC invocations=59 (full 0):
 garbage-first heap   total 335872K, used 310607K [0x0000000080000000, 0x0000000100000000)
  region size 1024K, 86 young (88064K), 16 survivors (16384K)
 Metaspace       used 121606K, committed 122368K, reserved 1155072K
  class space    used 16426K, committed 16832K, reserved 1048576K
}
Event: 48.434 GC heap after
{Heap after GC invocations=60 (full 0):
 garbage-first heap   total 348160K, used 218734K [0x0000000080000000, 0x0000000100000000)
  region size 1024K, 17 young (17408K), 17 survivors (17408K)
 Metaspace       used 121606K, committed 122368K, reserved 1155072K
  class space    used 16426K, committed 16832K, reserved 1048576K
}
Event: 48.442 GC heap before
{Heap before GC invocations=60 (full 0):
 garbage-first heap   total 348160K, used 219758K [0x0000000080000000, 0x0000000100000000)
  region size 1024K, 18 young (18432K), 17 survivors (17408K)
 Metaspace       used 121606K, committed 122368K, reserved 1155072K
  class space    used 16426K, committed 16832K, reserved 1048576K
}
Event: 48.463 GC heap after
{Heap after GC invocations=61 (full 0):
 garbage-first heap   total 348160K, used 213953K [0x0000000080000000, 0x0000000100000000)
  region size 1024K, 2 young (2048K), 2 survivors (2048K)
 Metaspace       used 121606K, committed 122368K, reserved 1155072K
  class space    used 16426K, committed 16832K, reserved 1048576K
}
Event: 49.676 GC heap before
{Heap before GC invocations=61 (full 0):
 garbage-first heap   total 348160K, used 290753K [0x0000000080000000, 0x0000000100000000)
  region size 1024K, 72 young (73728K), 2 survivors (2048K)
 Metaspace       used 122002K, committed 122816K, reserved 1163264K
  class space    used 16471K, committed 16896K, reserved 1048576K
}
Event: 49.718 GC heap after
{Heap after GC invocations=62 (full 0):
 garbage-first heap   total 348160K, used 246783K [0x0000000080000000, 0x0000000100000000)
  region size 1024K, 9 young (9216K), 9 survivors (9216K)
 Metaspace       used 122002K, committed 122816K, reserved 1163264K
  class space    used 16471K, committed 16896K, reserved 1048576K
}
Event: 50.194 GC heap before
{Heap before GC invocations=62 (full 0):
 garbage-first heap   total 449536K, used 275455K [0x0000000080000000, 0x0000000100000000)
  region size 1024K, 46 young (47104K), 9 survivors (9216K)
 Metaspace       used 122048K, committed 122880K, reserved 1163264K
  class space    used 16472K, committed 16896K, reserved 1048576K
}
Event: 50.263 GC heap after
{Heap after GC invocations=63 (full 0):
 garbage-first heap   total 449536K, used 257535K [0x0000000080000000, 0x0000000100000000)
  region size 1024K, 6 young (6144K), 6 survivors (6144K)
 Metaspace       used 122048K, committed 122880K, reserved 1163264K
  class space    used 16472K, committed 16896K, reserved 1048576K
}
Event: 50.735 GC heap before
{Heap before GC invocations=64 (full 0):
 garbage-first heap   total 449536K, used 341503K [0x0000000080000000, 0x0000000100000000)
  region size 1024K, 89 young (91136K), 6 survivors (6144K)
 Metaspace       used 122061K, committed 122944K, reserved 1163264K
  class space    used 16472K, committed 16896K, reserved 1048576K
}
Event: 50.814 GC heap after
{Heap after GC invocations=65 (full 0):
 garbage-first heap   total 449536K, used 301055K [0x0000000080000000, 0x0000000100000000)
  region size 1024K, 12 young (12288K), 12 survivors (12288K)
 Metaspace       used 122061K, committed 122944K, reserved 1163264K
  class space    used 16472K, committed 16896K, reserved 1048576K
}
Event: 50.841 GC heap before
{Heap before GC invocations=65 (full 0):
 garbage-first heap   total 449536K, used 310271K [0x0000000080000000, 0x0000000100000000)
  region size 1024K, 21 young (21504K), 12 survivors (12288K)
 Metaspace       used 122063K, committed 122944K, reserved 1163264K
  class space    used 16472K, committed 16896K, reserved 1048576K
}
Event: 50.924 GC heap after
{Heap after GC invocations=66 (full 0):
 garbage-first heap   total 449536K, used 301055K [0x0000000080000000, 0x0000000100000000)
  region size 1024K, 3 young (3072K), 3 survivors (3072K)
 Metaspace       used 122063K, committed 122944K, reserved 1163264K
  class space    used 16472K, committed 16896K, reserved 1048576K
}
Event: 51.100 GC heap before
{Heap before GC invocations=66 (full 0):
 garbage-first heap   total 449536K, used 351231K [0x0000000080000000, 0x0000000100000000)
  region size 1024K, 53 young (54272K), 3 survivors (3072K)
 Metaspace       used 122066K, committed 122944K, reserved 1163264K
  class space    used 16472K, committed 16896K, reserved 1048576K
}

